<wxlog>
  <threadId>#main</threadId>
  <timestamp>22:50:32:4216</timestamp>
  <msgtype>MsgWXLogLaunch</msgtype>
  <content>[The WXLogger is launched!]</content>
  <stackFrames>
[CALL STACK][0]: Method:WXTextureTools.Application.Options.OptionsConfig..ctor; File:.0
[CALL STACK][1]: Method:WXTextureTools.Application.App..ctor; File:.0
[CALL STACK][2]: Method:WXTextureTools.Program.Main; File:.0
</stackFrames>
</wxlog>
<wxlog>
  <threadId>#main</threadId>
  <timestamp>22:50:32:4331</timestamp>
  <msgtype>MsgMixture</msgtype>
  <content>string|String[]
OptionsConfig,-option=fbDecompress
-classDataPath=D:/Softs/Fork/WholeGame/Assets\WX-WASM-SDK-V2\Editor/TextureEditor/classdata.tpk
-dataDir=D:/Softs/Fork/WholeGame/TextToolDatas
-sourcePath=D:/Softs/Fork/WholeGame/TextToolDatas\slim\backup.txt
</content>
  <stackFrames>
[CALL STACK][0]: Method:WXTextureTools.Application.App..ctor; File:.0
[CALL STACK][1]: Method:WXTextureTools.Program.Main; File:.0
</stackFrames>
</wxlog>
<wxlog>
  <threadId>#main</threadId>
  <timestamp>22:50:32:4341</timestamp>
  <msgtype>MsgMixture</msgtype>
  <content>string|string
UnityBridgeHandler - SetDataDir,D:/Softs/Fork/WholeGame/TextToolDatas\temp</content>
  <stackFrames>
[CALL STACK][0]: Method:WXTextureTools.Program.Main; File:.0
</stackFrames>
</wxlog>
<wxlog>
  <threadId>#main</threadId>
  <timestamp>22:50:32:4561</timestamp>
  <msgtype>MsgMixture</msgtype>
  <content>string|string
BundlePicRecord initFile,D:/Softs/Fork/WholeGame/TextToolDatas\FIRSTBUNDLETEXTURES.json</content>
  <stackFrames>
[CALL STACK][0]: Method:WXTextureTools.Application.AppCmdExec.WXFirstBundleDecompressExec.todo; File:.0
[CALL STACK][1]: Method:WXTextureTools.Application.App.process; File:.0
[CALL STACK][2]: Method:WXTextureTools.Application.App..ctor; File:.0
</stackFrames>
</wxlog>
<wxlog>
  <threadId>#main</threadId>
  <timestamp>22:50:32:4571</timestamp>
  <msgtype>MsgMixture</msgtype>
  <content>string|string
BundlePicRecord readAllRecord,{"timestamp":0,"files":[{"path":"D:/Softs/Fork/WholeGame/TextToolDatas\\slim\\backup.txt","dstPath":null,"md5":"9e7a03f797c2e681","textures":[{"width":128,"height":128,"name":"Soft.c1d63e75","astc":null,"limittype":null},{"width":128,"height":58,"name":"UnityWatermark-small.d7411008","astc":null,"limittype":"1"},{"width":74,"height":71,"name":"EscToExit_back.21b1540e","astc":null,"limittype":"1"},{"width":267,"height":20,"name":"EscToExit_Text.2e1ee8b4","astc":null,"limittype":"1"},{"width":2048,"height":1024,"name":"UnitySplash-cube.84543fde","astc":null,"limittype":null},{"width":512,"height":94,"name":"UnityWatermark-trial-big.66f46ac8","astc":null,"limittype":"1"},{"width":76,"height":14,"name":"UnityWatermark-trial.60b4e34e","astc":null,"limittype":"1"},{"width":127,"height":17,"name":"UnityWatermark-beta.dd37c61b","astc":null,"limittype":"1"},{"width":148,"height":17,"name":"UnityWatermark-edu.a8c472ae","astc":null,"limittype":"1"},{"width":115,"height":17,"name":"UnityWatermark-dev.ae1fc174","astc":null,"limittype":"1"},{"width":64,"height":64,"name":"WarningSign.59b8d955","astc":null,"limittype":null},{"width":87,"height":13,"name":"UnityWatermark-proto.5084375a","astc":null,"limittype":"1"},{"width":66,"height":17,"name":"UnityWatermarkPlugin-beta.52403834","astc":null,"limittype":"1"},{"width":12,"height":12,"name":"box.643f5df8","astc":null,"limittype":null},{"width":12,"height":12,"name":"button%20active.c15aedb7","astc":null,"limittype":null},{"width":12,"height":12,"name":"button%20hover.42efb15e","astc":null,"limittype":null},{"width":12,"height":12,"name":"button%20on%20hover.2c40c4b8","astc":null,"limittype":null},{"width":12,"height":12,"name":"button%20on.7ff0e5a1","astc":null,"limittype":null},{"width":12,"height":12,"name":"button.bdec6b82","astc":null,"limittype":null},{"width":12,"height":12,"name":"horizontal%20scrollbar%20thumb.4137b46d","astc":null,"limittype":null},{"width":18,"height":15,"name":"horizontal%20scrollbar.0ac38291","astc":null,"limittype":"1"},{"width":8,"height":7,"name":"horizontalslider.722f02b2","astc":null,"limittype":"1"},{"width":8,"height":12,"name":"slider%20thumb%20active.168a62a9","astc":null,"limittype":null},{"width":8,"height":12,"name":"slider%20thumb.a7acef71","astc":null,"limittype":null},{"width":8,"height":12,"name":"slidert%20humb%20hover.0c248117","astc":null,"limittype":null},{"width":14,"height":14,"name":"toggle%20active.e32a2ca9","astc":null,"limittype":"1"},{"width":14,"height":14,"name":"toggle%20hover.614620f6","astc":null,"limittype":"1"},{"width":14,"height":14,"name":"toggle%20on%20hover.528d6b34","astc":null,"limittype":"1"},{"width":14,"height":14,"name":"toggle%20on.1f99750a","astc":null,"limittype":"1"},{"width":14,"height":14,"name":"toggle%20on%20active.9d52caeb","astc":null,"limittype":"1"},{"width":14,"height":14,"name":"toggle.6eafbcb0","astc":null,"limittype":"1"},{"width":12,"height":12,"name":"vertical%20scrollbar%20thumb.7ba97313","astc":null,"limittype":null},{"width":15,"height":18,"name":"vertical%20scrollbar.d38290f1","astc":null,"limittype":"1"},{"width":7,"height":8,"name":"verticalslider.58266f5f","astc":null,"limittype":"1"},{"width":17,"height":27,"name":"window%20on.38a76040","astc":null,"limittype":"1"},{"width":17,"height":27,"name":"window.a62d1258","astc":null,"limittype":"1"},{"width":12,"height":12,"name":"textfield.a75d69ec","astc":null,"limittype":null},{"width":12,"height":12,"name":"textfield%20on.f2c2fb5c","astc":null,"limittype":null},{"width":12,"height":12,"name":"textfield%20hover.8c7ae9d8","astc":null,"limittype":null},{"width":32,"height":32,"name":"UnitySplash-HolographicTrackingLoss.cbf38e69","astc":null,"limittype":null},{"width":1170,"height":1560,"name":"Bg.733f4a1b","astc":null,"limittype":"1"},{"width":799,"height":1024,"name":"R.1d0a01d2","astc":null,"limittype":"1"},{"width":611,"height":15,"name":"jindudi.e57e0d24","astc":null,"limittype":"1"},{"width":611,"height":15,"name":"jindu.77f56b7b","astc":null,"limittype":"1"},{"width":638,"height":174,"name":"Title.67f6ba37","astc":null,"limittype":"1"},{"width":449,"height":180,"name":"HeartIcon.6702ded7","astc":null,"limittype":"1"},{"width":279,"height":68,"name":"jinbixinxidibai.cd214f14","astc":null,"limittype":"1"},{"width":117,"height":71,"name":"Button1.f8f78102","astc":null,"limittype":"1"},{"width":114,"height":175,"name":"Stamina.2801c3fe","astc":null,"limittype":"1"},{"width":51,"height":51,"name":"+.41ef3877","astc":null,"limittype":"1"},{"width":118,"height":101,"name":"Btn.11062106","astc":null,"limittype":"1"},{"width":117,"height":89,"name":"Button.79662514","astc":null,"limittype":"1"},{"width":279,"height":68,"name":"jinbixinxidi.015b6ce4","astc":null,"limittype":"1"},{"width":69,"height":90,"name":"Lock.8d49f2ca","astc":null,"limittype":"1"},{"width":123,"height":115,"name":"Circle.4cabf80f","astc":null,"limittype":"1"},{"width":32,"height":32,"name":"UIMask.09363183","astc":null,"limittype":null},{"width":100,"height":100,"name":"Bow.063b3aff","astc":null,"limittype":null},{"width":1,"height":1,"name":"White1px.f8d314fe","astc":null,"limittype":"1"},{"width":100,"height":100,"name":"SubStab.56dcbbad","astc":null,"limittype":null},{"width":130,"height":130,"name":"Star.add0c35d","astc":null,"limittype":"1"},{"width":4,"height":4,"name":"handles_aaline.d2f9c6f7","astc":null,"limittype":null},{"width":100,"height":100,"name":"Arrow.ca908064","astc":null,"limittype":null},{"width":256,"height":256,"name":"Square.cf90f119","astc":null,"limittype":null},{"width":100,"height":100,"name":"Mine.7ed8b735","astc":null,"limittype":null},{"width":100,"height":100,"name":"Electricity.96709e8f","astc":null,"limittype":null},{"width":100,"height":100,"name":"Wall.66d95cb2","astc":null,"limittype":null},{"width":11,"height":11,"name":"UIFoldoutClosed.89295238","astc":null,"limittype":"1"},{"width":100,"height":100,"name":"Spring.08cd32ce","astc":null,"limittype":null},{"width":100,"height":100,"name":"Door.1ee9fb61","astc":null,"limittype":null},{"width":11,"height":11,"name":"UIFoldoutOpened.84255435","astc":null,"limittype":"1"},{"width":256,"height":256,"name":"Circle.89da51d8","astc":null,"limittype":null},{"width":11,"height":11,"name":"UICheckMark.d924f22b","astc":null,"limittype":"1"},{"width":100,"height":100,"name":"Ghost.a40da92b","astc":null,"limittype":null},{"width":100,"height":100,"name":"Posion.0426da22","astc":null,"limittype":null},{"width":512,"height":512,"name":"smoke_01.1b516b19","astc":null,"limittype":null},{"width":8,"height":8,"name":"UIElement8px.f411169b","astc":null,"limittype":null},{"width":100,"height":100,"name":"Stab.fa6ebe0e","astc":null,"limittype":null}]}]}</content>
  <stackFrames>
[CALL STACK][0]: Method:WXTextureTools.Application.App.process; File:.0
[CALL STACK][1]: Method:WXTextureTools.Application.App..ctor; File:.0
[CALL STACK][2]: Method:WXTextureTools.Program.Main; File:.0
</stackFrames>
</wxlog>
<wxlog>
  <threadId>#main</threadId>
  <timestamp>22:50:33:8431</timestamp>
  <msgtype>MsgMixture</msgtype>
  <content>string|string
BundlePicRecord save,{"timestamp":0,"files":[{"path":"D:/Softs/Fork/WholeGame/TextToolDatas\\slim\\backup.txt","dstPath":null,"md5":"9e7a03f797c2e681","textures":[{"width":128,"height":128,"name":"Soft.c1d63e75","astc":null,"limittype":null},{"width":128,"height":58,"name":"UnityWatermark-small.d7411008","astc":null,"limittype":"1"},{"width":74,"height":71,"name":"EscToExit_back.21b1540e","astc":null,"limittype":"1"},{"width":267,"height":20,"name":"EscToExit_Text.2e1ee8b4","astc":null,"limittype":"1"},{"width":2048,"height":1024,"name":"UnitySplash-cube.84543fde","astc":null,"limittype":null},{"width":512,"height":94,"name":"UnityWatermark-trial-big.66f46ac8","astc":null,"limittype":"1"},{"width":76,"height":14,"name":"UnityWatermark-trial.60b4e34e","astc":null,"limittype":"1"},{"width":127,"height":17,"name":"UnityWatermark-beta.dd37c61b","astc":null,"limittype":"1"},{"width":148,"height":17,"name":"UnityWatermark-edu.a8c472ae","astc":null,"limittype":"1"},{"width":115,"height":17,"name":"UnityWatermark-dev.ae1fc174","astc":null,"limittype":"1"},{"width":64,"height":64,"name":"WarningSign.59b8d955","astc":null,"limittype":null},{"width":87,"height":13,"name":"UnityWatermark-proto.5084375a","astc":null,"limittype":"1"},{"width":66,"height":17,"name":"UnityWatermarkPlugin-beta.52403834","astc":null,"limittype":"1"},{"width":12,"height":12,"name":"box.643f5df8","astc":null,"limittype":null},{"width":12,"height":12,"name":"button%20active.c15aedb7","astc":null,"limittype":null},{"width":12,"height":12,"name":"button%20hover.42efb15e","astc":null,"limittype":null},{"width":12,"height":12,"name":"button%20on%20hover.2c40c4b8","astc":null,"limittype":null},{"width":12,"height":12,"name":"button%20on.7ff0e5a1","astc":null,"limittype":null},{"width":12,"height":12,"name":"button.bdec6b82","astc":null,"limittype":null},{"width":12,"height":12,"name":"horizontal%20scrollbar%20thumb.4137b46d","astc":null,"limittype":null},{"width":18,"height":15,"name":"horizontal%20scrollbar.0ac38291","astc":null,"limittype":"1"},{"width":8,"height":7,"name":"horizontalslider.722f02b2","astc":null,"limittype":"1"},{"width":8,"height":12,"name":"slider%20thumb%20active.168a62a9","astc":null,"limittype":null},{"width":8,"height":12,"name":"slider%20thumb.a7acef71","astc":null,"limittype":null},{"width":8,"height":12,"name":"slidert%20humb%20hover.0c248117","astc":null,"limittype":null},{"width":14,"height":14,"name":"toggle%20active.e32a2ca9","astc":null,"limittype":"1"},{"width":14,"height":14,"name":"toggle%20hover.614620f6","astc":null,"limittype":"1"},{"width":14,"height":14,"name":"toggle%20on%20hover.528d6b34","astc":null,"limittype":"1"},{"width":14,"height":14,"name":"toggle%20on.1f99750a","astc":null,"limittype":"1"},{"width":14,"height":14,"name":"toggle%20on%20active.9d52caeb","astc":null,"limittype":"1"},{"width":14,"height":14,"name":"toggle.6eafbcb0","astc":null,"limittype":"1"},{"width":12,"height":12,"name":"vertical%20scrollbar%20thumb.7ba97313","astc":null,"limittype":null},{"width":15,"height":18,"name":"vertical%20scrollbar.d38290f1","astc":null,"limittype":"1"},{"width":7,"height":8,"name":"verticalslider.58266f5f","astc":null,"limittype":"1"},{"width":17,"height":27,"name":"window%20on.38a76040","astc":null,"limittype":"1"},{"width":17,"height":27,"name":"window.a62d1258","astc":null,"limittype":"1"},{"width":12,"height":12,"name":"textfield.a75d69ec","astc":null,"limittype":null},{"width":12,"height":12,"name":"textfield%20on.f2c2fb5c","astc":null,"limittype":null},{"width":12,"height":12,"name":"textfield%20hover.8c7ae9d8","astc":null,"limittype":null},{"width":32,"height":32,"name":"UnitySplash-HolographicTrackingLoss.cbf38e69","astc":null,"limittype":null},{"width":1170,"height":1560,"name":"Bg.733f4a1b","astc":null,"limittype":"1"},{"width":799,"height":1024,"name":"R.1d0a01d2","astc":null,"limittype":"1"},{"width":611,"height":15,"name":"jindudi.e57e0d24","astc":null,"limittype":"1"},{"width":611,"height":15,"name":"jindu.77f56b7b","astc":null,"limittype":"1"},{"width":638,"height":174,"name":"Title.67f6ba37","astc":null,"limittype":"1"},{"width":449,"height":180,"name":"HeartIcon.6702ded7","astc":null,"limittype":"1"},{"width":279,"height":68,"name":"jinbixinxidibai.cd214f14","astc":null,"limittype":"1"},{"width":117,"height":71,"name":"Button1.f8f78102","astc":null,"limittype":"1"},{"width":114,"height":175,"name":"Stamina.2801c3fe","astc":null,"limittype":"1"},{"width":51,"height":51,"name":"+.41ef3877","astc":null,"limittype":"1"},{"width":118,"height":101,"name":"Btn.11062106","astc":null,"limittype":"1"},{"width":117,"height":89,"name":"Button.79662514","astc":null,"limittype":"1"},{"width":279,"height":68,"name":"jinbixinxidi.015b6ce4","astc":null,"limittype":"1"},{"width":69,"height":90,"name":"Lock.8d49f2ca","astc":null,"limittype":"1"},{"width":123,"height":115,"name":"Circle.4cabf80f","astc":null,"limittype":"1"},{"width":32,"height":32,"name":"UIMask.09363183","astc":null,"limittype":null},{"width":100,"height":100,"name":"Bow.063b3aff","astc":null,"limittype":null},{"width":1,"height":1,"name":"White1px.f8d314fe","astc":null,"limittype":"1"},{"width":100,"height":100,"name":"SubStab.56dcbbad","astc":null,"limittype":null},{"width":130,"height":130,"name":"Star.add0c35d","astc":null,"limittype":"1"},{"width":4,"height":4,"name":"handles_aaline.d2f9c6f7","astc":null,"limittype":null},{"width":100,"height":100,"name":"Arrow.ca908064","astc":null,"limittype":null},{"width":256,"height":256,"name":"Square.cf90f119","astc":null,"limittype":null},{"width":100,"height":100,"name":"Mine.7ed8b735","astc":null,"limittype":null},{"width":100,"height":100,"name":"Electricity.96709e8f","astc":null,"limittype":null},{"width":100,"height":100,"name":"Wall.66d95cb2","astc":null,"limittype":null},{"width":11,"height":11,"name":"UIFoldoutClosed.89295238","astc":null,"limittype":"1"},{"width":100,"height":100,"name":"Spring.08cd32ce","astc":null,"limittype":null},{"width":100,"height":100,"name":"Door.1ee9fb61","astc":null,"limittype":null},{"width":11,"height":11,"name":"UIFoldoutOpened.84255435","astc":null,"limittype":"1"},{"width":256,"height":256,"name":"Circle.89da51d8","astc":null,"limittype":null},{"width":11,"height":11,"name":"UICheckMark.d924f22b","astc":null,"limittype":"1"},{"width":100,"height":100,"name":"Ghost.a40da92b","astc":null,"limittype":null},{"width":100,"height":100,"name":"Posion.0426da22","astc":null,"limittype":null},{"width":512,"height":512,"name":"smoke_01.1b516b19","astc":null,"limittype":null},{"width":8,"height":8,"name":"UIElement8px.f411169b","astc":null,"limittype":null},{"width":100,"height":100,"name":"Stab.fa6ebe0e","astc":null,"limittype":null}]}]}</content>
  <stackFrames>
[CALL STACK][0]: Method:WXTextureTools.Application.App.process; File:.0
[CALL STACK][1]: Method:WXTextureTools.Application.App..ctor; File:.0
[CALL STACK][2]: Method:WXTextureTools.Program.Main; File:.0
</stackFrames>
</wxlog>
