<wxlog>
  <threadId>#main</threadId>
  <timestamp>21:06:03:8562</timestamp>
  <msgtype>MsgWXLogLaunch</msgtype>
  <content>[The WXLogger is launched!]</content>
  <stackFrames>
[CALL STACK][0]: Method:WXTextureTools.Application.Options.OptionsConfig..ctor; File:.0
[CALL STACK][1]: Method:WXTextureTools.Application.App..ctor; File:.0
[CALL STACK][2]: Method:WXTextureTools.Program.Main; File:.0
</stackFrames>
</wxlog>
<wxlog>
  <threadId>#main</threadId>
  <timestamp>21:06:03:8730</timestamp>
  <msgtype>MsgMixture</msgtype>
  <content>string|String[]
OptionsConfig,-option=text
-do=assetListInfo
-sourceDir=C:/Users/10573/Desktop/WeChatGame\webgl
-dataDir=D:/Work/Money/TextToolDatas
</content>
  <stackFrames>
[CALL STACK][0]: Method:WXTextureTools.Application.App..ctor; File:.0
[CALL STACK][1]: Method:WXTextureTools.Program.Main; File:.0
</stackFrames>
</wxlog>
<wxlog>
  <threadId>#main</threadId>
  <timestamp>21:06:03:8750</timestamp>
  <msgtype>MsgMixture</msgtype>
  <content>string|string
UnityBridgeHandler - SetDataDir,D:/Work/Money/TextToolDatas\temp</content>
  <stackFrames>
[CALL STACK][0]: Method:WXTextureTools.Program.Main; File:.0
</stackFrames>
</wxlog>
<wxlog>
  <threadId>#main</threadId>
  <timestamp>21:06:03:8847</timestamp>
  <msgtype>MsgString</msgtype>
  <content>WXTextureMinExec</content>
  <stackFrames>
[CALL STACK][0]: Method:WXTextureTools.Application.App..ctor; File:.0
[CALL STACK][1]: Method:WXTextureTools.Program.Main; File:.0
</stackFrames>
</wxlog>
<wxlog>
  <threadId>#main</threadId>
  <timestamp>21:06:03:8877</timestamp>
  <msgtype>MsgMixture</msgtype>
  <content>string|string
IgnoreHandler,D:/Work/Money/TextToolDatas\bundlerIgnore.txt</content>
  <stackFrames>
[CALL STACK][0]: Method:WXTextureTools.Application.AppCmdExec.WXTextureMinExec..ctor; File:.0
[CALL STACK][1]: Method:WXTextureTools.Application.App.process; File:.0
[CALL STACK][2]: Method:WXTextureTools.Application.App..ctor; File:.0
</stackFrames>
</wxlog>
<wxlog>
  <threadId>#main</threadId>
  <timestamp>21:06:03:8913</timestamp>
  <msgtype>MsgMixture</msgtype>
  <content>string|String[]
WXTextureMinExec files,C:\Users\10573\Desktop\WeChatGame\webgl\a292f30fd64d40ae.webgl.data.unityweb.bin.br
C:\Users\10573\Desktop\WeChatGame\webgl\Build\webgl.data
C:\Users\10573\Desktop\WeChatGame\webgl\Build\webgl.framework.js
C:\Users\10573\Desktop\WeChatGame\webgl\Build\webgl.loader.js
C:\Users\10573\Desktop\WeChatGame\webgl\Build\webgl.symbols.json
C:\Users\10573\Desktop\WeChatGame\webgl\Build\webgl.wasm
C:\Users\10573\Desktop\WeChatGame\webgl\fc20da240a7b591a.webgl.wasm.code.unityweb.wasm.br
C:\Users\10573\Desktop\WeChatGame\webgl\index.html
C:\Users\10573\Desktop\WeChatGame\webgl\StreamingAssets\aa\AddressablesLink\link.xml
C:\Users\10573\Desktop\WeChatGame\webgl\StreamingAssets\aa\catalog.json
C:\Users\10573\Desktop\WeChatGame\webgl\StreamingAssets\aa\settings.json
C:\Users\10573\Desktop\WeChatGame\webgl\StreamingAssets\aa\WebGL\59dd666f07ba929103a463fa4ccf3790_unitybuiltinshaders_d31661b5cafe6656cb07537e77f0fee1.bundle
C:\Users\10573\Desktop\WeChatGame\webgl\StreamingAssets\aa\WebGL\sound_assets_all_5bcf50df2226ebf863e54de01ef1a4a8.bundle
C:\Users\10573\Desktop\WeChatGame\webgl\StreamingAssets\aa\WebGL\so_assets_all_254f6a0996aa30380de56b79f3299f6a.bundle
</content>
  <stackFrames>
[CALL STACK][0]: Method:WXTextureTools.Application.App.process; File:.0
[CALL STACK][1]: Method:WXTextureTools.Application.App..ctor; File:.0
[CALL STACK][2]: Method:WXTextureTools.Program.Main; File:.0
</stackFrames>
</wxlog>
<wxlog>
  <threadId>#main</threadId>
  <timestamp>21:06:03:8913</timestamp>
  <msgtype>MsgMixture</msgtype>
  <content>string|String[]
WXTextureMinExec filesAB,</content>
  <stackFrames>
[CALL STACK][0]: Method:WXTextureTools.Application.App.process; File:.0
[CALL STACK][1]: Method:WXTextureTools.Application.App..ctor; File:.0
[CALL STACK][2]: Method:WXTextureTools.Program.Main; File:.0
</stackFrames>
</wxlog>
<wxlog>
  <threadId>#main</threadId>
  <timestamp>21:06:03:8975</timestamp>
  <msgtype>MsgMixture</msgtype>
  <content>string|String[]
WXTextureMinExec copyFiles,C:\Users\10573\Desktop\WeChatGame\webgl\a292f30fd64d40ae.webgl.data.unityweb.bin.br
C:\Users\10573\Desktop\WeChatGame\webgl\Build\webgl.data
C:\Users\10573\Desktop\WeChatGame\webgl\Build\webgl.framework.js
C:\Users\10573\Desktop\WeChatGame\webgl\Build\webgl.loader.js
C:\Users\10573\Desktop\WeChatGame\webgl\Build\webgl.symbols.json
C:\Users\10573\Desktop\WeChatGame\webgl\Build\webgl.wasm
C:\Users\10573\Desktop\WeChatGame\webgl\fc20da240a7b591a.webgl.wasm.code.unityweb.wasm.br
C:\Users\10573\Desktop\WeChatGame\webgl\index.html
C:\Users\10573\Desktop\WeChatGame\webgl\StreamingAssets\aa\AddressablesLink\link.xml
C:\Users\10573\Desktop\WeChatGame\webgl\StreamingAssets\aa\catalog.json
C:\Users\10573\Desktop\WeChatGame\webgl\StreamingAssets\aa\settings.json
</content>
  <stackFrames>
[CALL STACK][0]: Method:WXTextureTools.Application.App.process; File:.0
[CALL STACK][1]: Method:WXTextureTools.Application.App..ctor; File:.0
[CALL STACK][2]: Method:WXTextureTools.Program.Main; File:.0
</stackFrames>
</wxlog>
<wxlog>
  <threadId>#main</threadId>
  <timestamp>21:06:03:8975</timestamp>
  <msgtype>MsgMixture</msgtype>
  <content>string|String[]
WXTextureMinExec assetBundles,C:\Users\10573\Desktop\WeChatGame\webgl\StreamingAssets\aa\WebGL\59dd666f07ba929103a463fa4ccf3790_unitybuiltinshaders_d31661b5cafe6656cb07537e77f0fee1.bundle
C:\Users\10573\Desktop\WeChatGame\webgl\StreamingAssets\aa\WebGL\sound_assets_all_5bcf50df2226ebf863e54de01ef1a4a8.bundle
C:\Users\10573\Desktop\WeChatGame\webgl\StreamingAssets\aa\WebGL\so_assets_all_254f6a0996aa30380de56b79f3299f6a.bundle
</content>
  <stackFrames>
[CALL STACK][0]: Method:WXTextureTools.Application.App.process; File:.0
[CALL STACK][1]: Method:WXTextureTools.Application.App..ctor; File:.0
[CALL STACK][2]: Method:WXTextureTools.Program.Main; File:.0
</stackFrames>
</wxlog>
<wxlog>
  <threadId>#main</threadId>
  <timestamp>21:06:03:8975</timestamp>
  <msgtype>MsgMixture</msgtype>
  <content>string|String[]
WXTextureMinExec firstBundles,</content>
  <stackFrames>
[CALL STACK][0]: Method:WXTextureTools.Application.App.process; File:.0
[CALL STACK][1]: Method:WXTextureTools.Application.App..ctor; File:.0
[CALL STACK][2]: Method:WXTextureTools.Program.Main; File:.0
</stackFrames>
</wxlog>
<wxlog>
  <threadId>#main</threadId>
  <timestamp>21:06:03:8975</timestamp>
  <msgtype>MsgMixture</msgtype>
  <content>string|String[]
WXTextureMinExec copyFiles2,</content>
  <stackFrames>
[CALL STACK][0]: Method:WXTextureTools.Application.App.process; File:.0
[CALL STACK][1]: Method:WXTextureTools.Application.App..ctor; File:.0
[CALL STACK][2]: Method:WXTextureTools.Program.Main; File:.0
</stackFrames>
</wxlog>
<wxlog>
  <threadId>#main</threadId>
  <timestamp>21:06:03:8975</timestamp>
  <msgtype>MsgMixture</msgtype>
  <content>string|String[]
WXTextureMinExec assetBundles2,</content>
  <stackFrames>
[CALL STACK][0]: Method:WXTextureTools.Application.App.process; File:.0
[CALL STACK][1]: Method:WXTextureTools.Application.App..ctor; File:.0
[CALL STACK][2]: Method:WXTextureTools.Program.Main; File:.0
</stackFrames>
</wxlog>
